<?xml version="1.0" encoding="UTF-8"?>
<!-- Generated by org.testng.reporters.JUnitReportReporter -->
<testsuite skipped="0" hostname="hector" name="prueba.test" tests="1" failures="0" timestamp="07 ago 2018 17:08:36 GMT" time="12.423" errors="0">
  <testcase name="testMethod" time="12.423" classname="prueba.test"/>
</testsuite> <!-- prueba.test -->
