<?xml version="1.0" encoding="UTF-8"?>
<!-- Generated by org.testng.reporters.JUnitReportReporter -->
<testsuite skipped="0" hostname="hector" name="prueba.test" tests="1" failures="0" timestamp="08 sep 2018 11:14:20 GMT" time="6.314" errors="0">
  <testcase name="testMethod" time="6.314" classname="prueba.test"/>
</testsuite> <!-- prueba.test -->
