<?xml version="1.0" encoding="UTF-8"?>
<!-- Generated by org.testng.reporters.JUnitReportReporter -->
<testsuite skipped="0" hostname="hector" name="prueba.test" tests="1" failures="0" timestamp="10 ago 2018 14:44:30 GMT" time="6.978" errors="0">
  <testcase name="testMethod" time="6.978" classname="prueba.test"/>
</testsuite> <!-- prueba.test -->
