<?xml version="1.0" encoding="UTF-8"?>
<!-- Generated by org.testng.reporters.JUnitReportReporter -->
<testsuite skipped="0" hostname="hector" name="prueba.test" tests="1" failures="0" timestamp="18 ago 2018 01:02:34 GMT" time="7.796" errors="0">
  <testcase name="testMethod" time="7.796" classname="prueba.test"/>
</testsuite> <!-- prueba.test -->
