<?xml version="1.0" encoding="UTF-8"?>
<!-- Generated by org.testng.reporters.JUnitReportReporter -->
<testsuite skipped="0" hostname="hector" name="prueba.test" tests="1" failures="0" timestamp="18 ago 2018 00:03:16 GMT" time="5.023" errors="0">
  <testcase name="testMethod" time="5.023" classname="prueba.test"/>
</testsuite> <!-- prueba.test -->
