<?xml version="1.0" encoding="UTF-8"?>
<!-- Generated by org.testng.reporters.JUnitReportReporter -->
<testsuite skipped="0" hostname="hector" name="prueba.test" tests="1" failures="0" timestamp="22 sep 2018 22:59:40 GMT" time="43.059" errors="0">
  <testcase name="testMethod" time="43.059" classname="prueba.test"/>
</testsuite> <!-- prueba.test -->
