<?xml version="1.0" encoding="UTF-8"?>
<!-- Generated by org.testng.reporters.JUnitReportReporter -->
<testsuite hostname="hector" name="prueba.test" tests="1" failures="0" timestamp="15 Aug 2018 08:47:32 GMT" time="19.789" errors="0">
  <testcase name="testMethod" time="19.789" classname="prueba.test"/>
</testsuite> <!-- prueba.test -->
