<?xml version="1.0" encoding="UTF-8"?>
<!-- Generated by org.testng.reporters.JUnitReportReporter -->
<testsuite hostname="hector" name="prueba.test" tests="1" failures="0" timestamp="18 Aug 2018 00:04:23 GMT" time="5.537" errors="0">
  <testcase name="testMethod" time="5.537" classname="prueba.test"/>
</testsuite> <!-- prueba.test -->
