<?xml version="1.0" encoding="UTF-8"?>
<!-- Generated by org.testng.reporters.JUnitReportReporter -->
<testsuite hostname="hector" name="prueba.test" tests="1" failures="0" timestamp="9 Aug 2018 17:28:48 GMT" time="11.329" errors="0">
  <testcase name="testMethod" time="11.329" classname="prueba.test"/>
</testsuite> <!-- prueba.test -->
