<?xml version="1.0" encoding="UTF-8"?>
<!-- Generated by org.testng.reporters.JUnitReportReporter -->
<testsuite hostname="hector" name="prueba.test" tests="1" failures="0" timestamp="10 Aug 2018 15:37:17 GMT" time="12.374" errors="0">
  <testcase name="testMethod" time="12.374" classname="prueba.test"/>
</testsuite> <!-- prueba.test -->
