<?xml version="1.0" encoding="UTF-8"?>
<!-- Generated by org.testng.reporters.JUnitReportReporter -->
<testsuite hostname="hector" name="prueba.test" tests="1" failures="0" timestamp="17 Aug 2018 23:20:29 GMT" time="6.872" errors="0">
  <testcase name="testMethod" time="6.872" classname="prueba.test"/>
</testsuite> <!-- prueba.test -->
